<?xml version="1.0" encoding="UTF-8"?>
<testsuite name="ContextTest" tests="6" skipped="0" failures="0" errors="0" timestamp="2019-10-24T18:42:03" hostname="DESKTOP-0GSLS7A" time="0.53">
  <properties/>
  <testcase name="get_returnsInstance_BlueprintDefinition" classname="ContextTest" time="0.491"/>
  <testcase name="registerClasses_throwsNoSuitableConstructor_noEmptyConstructorExists" classname="ContextTest" time="0.006"/>
  <testcase name="registerClasses_throwsUnsupportedClass_badParameter" classname="ContextTest" time="0.015"/>
  <testcase name="get_returnsClassWithDependencies_classHasFieldInjection" classname="ContextTest" time="0.007"/>
  <testcase name="registerClasses_throwsUnsupportedClass_noInjectableAnnotation" classname="ContextTest" time="0.005"/>
  <testcase name="get_returnsClassWithDependencies_classHasConstructorInjection" classname="ContextTest" time="0.005"/>
  <system-out><![CDATA[]]></system-out>
  <system-err><![CDATA[]]></system-err>
</testsuite>
