<?xml version="1.0" encoding="UTF-8"?>
<testsuite name="ContextTest" tests="1" skipped="0" failures="1" errors="0" timestamp="2019-10-22T18:55:09" hostname="MACs-MacBook-Pro.local" time="27.609">
  <properties/>
  <testcase name="get_returnsClassWithDependencies_classHasFieldInjection" classname="ContextTest" time="27.609">
    <failure message="java.lang.StackOverflowError" type="java.lang.StackOverflowError">java.lang.StackOverflowError
	at java.base/java.lang.Math.min(Math.java:1513)
	at java.base/java.util.Arrays.copyOf(Arrays.java:3723)
	at java.base/java.util.Arrays.copyOf(Arrays.java:3689)
	at java.base/java.util.ArrayList.grow(ArrayList.java:237)
	at java.base/java.util.ArrayList.grow(ArrayList.java:242)
	at java.base/java.util.ArrayList.add(ArrayList.java:485)
	at java.base/java.util.ArrayList.add(ArrayList.java:498)
	at java.base/java.util.stream.ReduceOps$3ReducingSink.accept(ReduceOps.java:169)
	at java.base/java.util.stream.ReferencePipeline$3$1.accept(ReferencePipeline.java:195)
	at java.base/java.util.stream.ReferencePipeline$2$1.accept(ReferencePipeline.java:177)
	at java.base/java.util.Spliterators$ArraySpliterator.forEachRemaining(Spliterators.java:948)
	at java.base/java.util.stream.AbstractPipeline.copyInto(AbstractPipeline.java:484)
	at java.base/java.util.stream.AbstractPipeline.wrapAndCopyInto(AbstractPipeline.java:474)
	at java.base/java.util.stream.ReduceOps$ReduceOp.evaluateSequential(ReduceOps.java:913)
	at java.base/java.util.stream.AbstractPipeline.evaluate(AbstractPipeline.java:234)
	at java.base/java.util.stream.ReferencePipeline.collect(ReferencePipeline.java:578)
	at Context.registerClassDependencies(Context.java:55)
	at Context.lambda$registerClassDependencies$4(Context.java:63)
	at java.base/java.util.ArrayList.forEach(ArrayList.java:1540)
	at Context.registerClassDependencies(Context.java:61)
	at Context.lambda$registerClassDependencies$4(Context.java:63)
	at java.base/java.util.ArrayList.forEach(ArrayList.java:1540)
	at Context.registerClassDependencies(Context.java:61)
	at Context.lambda$registerClassDependencies$4(Context.java:63)
	at java.base/java.util.ArrayList.forEach(ArrayList.java:1540)
	at Context.registerClassDependencies(Context.java:61)
	at Context.lambda$registerClassDependencies$4(Context.java:63)
	at java.base/java.util.ArrayList.forEach(ArrayList.java:1540)
	at Context.registerClassDependencies(Context.java:61)
	at Context.lambda$registerClassDependencies$4(Context.java:63)
	at java.base/java.util.ArrayList.forEach(ArrayList.java:1540)
	at Context.registerClassDependencies(Context.java:61)
	at Context.lambda$registerClassDependencies$4(Context.java:63)
	at java.base/java.util.ArrayList.forEach(ArrayList.java:1540)
	at Context.registerClassDependencies(Context.java:61)
	at Context.lambda$registerClassDependencies$4(Context.java:63)
	at java.base/java.util.ArrayList.forEach(ArrayList.java:1540)
	at Context.registerClassDependencies(Context.java:61)
	at Context.lambda$registerClassDependencies$4(Context.java:63)
	at java.base/java.util.ArrayList.forEach(ArrayList.java:1540)
	at Context.registerClassDependencies(Context.java:61)
	at Context.lambda$registerClassDependencies$4(Context.java:63)
	at java.base/java.util.ArrayList.forEach(ArrayList.java:1540)
	at Context.registerClassDependencies(Context.java:61)
	at Context.lambda$registerClassDependencies$4(Context.java:63)
	at java.base/java.util.ArrayList.forEach(ArrayList.java:1540)
	at Context.registerClassDependencies(Context.java:61)
	at Context.lambda$registerClassDependencies$4(Context.java:63)
	at java.base/java.util.ArrayList.forEach(ArrayList.java:1540)
	at Context.registerClassDependencies(Context.java:61)
	at Context.lambda$registerClassDependencies$4(Context.java:63)
	at java.base/java.util.ArrayList.forEach(ArrayList.java:1540)
	at Context.registerClassDependencies(Context.java:61)
	at Context.lambda$registerClassDependencies$4(Context.java:63)
	at java.base/java.util.ArrayList.forEach(ArrayList.java:1540)
	at Context.registerClassDependencies(Context.java:61)
	at Context.lambda$registerClassDependencies$4(Context.java:63)
	at java.base/java.util.ArrayList.forEach(ArrayList.java:1540)
	at Context.registerClassDependencies(Context.java:61)
	at Context.lambda$registerClassDependencies$4(Context.java:63)
	at java.base/java.util.ArrayList.forEach(ArrayList.java:1540)
	at Context.registerClassDependencies(Context.java:61)
	at Context.lambda$registerClassDependencies$4(Context.java:63)
	at java.base/java.util.ArrayList.forEach(ArrayList.java:1540)
	at Context.registerClassDependencies(Context.java:61)
	at Context.lambda$registerClassDependencies$4(Context.java:63)
	at java.base/java.util.ArrayList.forEach(ArrayList.java:1540)
	at Context.registerClassDependencies(Context.java:61)
	at Context.lambda$registerClassDependencies$4(Context.java:63)
	at java.base/java.util.ArrayList.forEach(ArrayList.java:1540)
	at Context.registerClassDependencies(Context.java:61)
	at Context.lambda$registerClassDependencies$4(Context.java:63)
	at java.base/java.util.ArrayList.forEach(ArrayList.java:1540)
	at Context.registerClassDependencies(Context.java:61)
	at Context.lambda$registerClassDependencies$4(Context.java:63)
	at java.base/java.util.ArrayList.forEach(ArrayList.java:1540)
	at Context.registerClassDependencies(Context.java:61)
	at Context.lambda$registerClassDependencies$4(Context.java:63)
	at java.base/java.util.ArrayList.forEach(ArrayList.java:1540)
	at Context.registerClassDependencies(Context.java:61)
	at Context.lambda$registerClassDependencies$4(Context.java:63)
	at java.base/java.util.ArrayList.forEach(ArrayList.java:1540)
	at Context.registerClassDependencies(Context.java:61)
	at Context.lambda$registerClassDependencies$4(Context.java:63)
	at java.base/java.util.ArrayList.forEach(ArrayList.java:1540)
	at Context.registerClassDependencies(Context.java:61)
	at Context.lambda$registerClassDependencies$4(Context.java:63)
	at java.base/java.util.ArrayList.forEach(ArrayList.java:1540)
	at Context.registerClassDependencies(Context.java:61)
	at Context.lambda$registerClassDependencies$4(Context.java:63)
	at java.base/java.util.ArrayList.forEach(ArrayList.java:1540)
	at Context.registerClassDependencies(Context.java:61)
	at Context.lambda$registerClassDependencies$4(Context.java:63)
	at java.base/java.util.ArrayList.forEach(ArrayList.java:1540)
	at Context.registerClassDependencies(Context.java:61)
	at Context.lambda$registerClassDependencies$4(Context.java:63)
	at java.base/java.util.ArrayList.forEach(ArrayList.java:1540)
	at Context.registerClassDependencies(Context.java:61)
	at Context.lambda$registerClassDependencies$4(Context.java:63)
	at java.base/java.util.ArrayList.forEach(ArrayList.java:1540)
	at Context.registerClassDependencies(Context.java:61)
	at Context.lambda$registerClassDependencies$4(Context.java:63)
	at java.base/java.util.ArrayList.forEach(ArrayList.java:1540)
	at Context.registerClassDependencies(Context.java:61)
	at Context.lambda$registerClassDependencies$4(Context.java:63)
	at java.base/java.util.ArrayList.forEach(ArrayList.java:1540)
	at Context.registerClassDependencies(Context.java:61)
	at Context.lambda$registerClassDependencies$4(Context.java:63)
	at java.base/java.util.ArrayList.forEach(ArrayList.java:1540)
	at Context.registerClassDependencies(Context.java:61)
	at Context.lambda$registerClassDependencies$4(Context.java:63)
	at java.base/java.util.ArrayList.forEach(ArrayList.java:1540)
	at Context.registerClassDependencies(Context.java:61)
	at Context.lambda$registerClassDependencies$4(Context.java:63)
	at java.base/java.util.ArrayList.forEach(ArrayList.java:1540)
	at Context.registerClassDependencies(Context.java:61)
	at Context.lambda$registerClassDependencies$4(Context.java:63)
	at java.base/java.util.ArrayList.forEach(ArrayList.java:1540)
	at Context.registerClassDependencies(Context.java:61)
	at Context.lambda$registerClassDependencies$4(Context.java:63)
	at java.base/java.util.ArrayList.forEach(ArrayList.java:1540)
	at Context.registerClassDependencies(Context.java:61)
	at Context.lambda$registerClassDependencies$4(Context.java:63)
	at java.base/java.util.ArrayList.forEach(ArrayList.java:1540)
	at Context.registerClassDependencies(Context.java:61)
	at Context.lambda$registerClassDependencies$4(Context.java:63)
	at java.base/java.util.ArrayList.forEach(ArrayList.java:1540)
	at Context.registerClassDependencies(Context.java:61)
	at Context.lambda$registerClassDependencies$4(Context.java:63)
	at java.base/java.util.ArrayList.forEach(ArrayList.java:1540)
	at Context.registerClassDependencies(Context.java:61)
	at Context.lambda$registerClassDependencies$4(Context.java:63)
	at java.base/java.util.ArrayList.forEach(ArrayList.java:1540)
	at Context.registerClassDependencies(Context.java:61)
	at Context.lambda$registerClassDependencies$4(Context.java:63)
	at java.base/java.util.ArrayList.forEach(ArrayList.java:1540)
	at Context.registerClassDependencies(Context.java:61)
	at Context.lambda$registerClassDependencies$4(Context.java:63)
	at java.base/java.util.ArrayList.forEach(ArrayList.java:1540)
	at Context.registerClassDependencies(Context.java:61)
	at Context.lambda$registerClassDependencies$4(Context.java:63)
	at java.base/java.util.ArrayList.forEach(ArrayList.java:1540)
	at Context.registerClassDependencies(Context.java:61)
	at Context.lambda$registerClassDependencies$4(Context.java:63)
	at java.base/java.util.ArrayList.forEach(ArrayList.java:1540)
	at Context.registerClassDependencies(Context.java:61)
	at Context.lambda$registerClassDependencies$4(Context.java:63)
	at java.base/java.util.ArrayList.forEach(ArrayList.java:1540)
	at Context.registerClassDependencies(Context.java:61)
	at Context.lambda$registerClassDependencies$4(Context.java:63)
	at java.base/java.util.ArrayList.forEach(ArrayList.java:1540)
	at Context.registerClassDependencies(Context.java:61)
	at Context.lambda$registerClassDependencies$4(Context.java:63)
	at java.base/java.util.ArrayList.forEach(ArrayList.java:1540)
	at Context.registerClassDependencies(Context.java:61)
	at Context.lambda$registerClassDependencies$4(Context.java:63)
	at java.base/java.util.ArrayList.forEach(ArrayList.java:1540)
	at Context.registerClassDependencies(Context.java:61)
	at Context.lambda$registerClassDependencies$4(Context.java:63)
	at java.base/java.util.ArrayList.forEach(ArrayList.java:1540)
	at Context.registerClassDependencies(Context.java:61)
	at Context.lambda$registerClassDependencies$4(Context.java:63)
	at java.base/java.util.ArrayList.forEach(ArrayList.java:1540)
	at Context.registerClassDependencies(Context.java:61)
	at Context.lambda$registerClassDependencies$4(Context.java:63)
	at java.base/java.util.ArrayList.forEach(ArrayList.java:1540)
	at Context.registerClassDependencies(Context.java:61)
	at Context.lambda$registerClassDependencies$4(Context.java:63)
	at java.base/java.util.ArrayList.forEach(ArrayList.java:1540)
	at Context.registerClassDependencies(Context.java:61)
	at Context.lambda$registerClassDependencies$4(Context.java:63)
	at java.base/java.util.ArrayList.forEach(ArrayList.java:1540)
	at Context.registerClassDependencies(Context.java:61)
	at Context.lambda$registerClassDependencies$4(Context.java:63)
	at java.base/java.util.ArrayList.forEach(ArrayList.java:1540)
	at Context.registerClassDependencies(Context.java:61)
	at Context.lambda$registerClassDependencies$4(Context.java:63)
	at java.base/java.util.ArrayList.forEach(ArrayList.java:1540)
	at Context.registerClassDependencies(Context.java:61)
	at Context.lambda$registerClassDependencies$4(Context.java:63)
	at java.base/java.util.ArrayList.forEach(ArrayList.java:1540)
	at Context.registerClassDependencies(Context.java:61)
	at Context.lambda$registerClassDependencies$4(Context.java:63)
	at java.base/java.util.ArrayList.forEach(ArrayList.java:1540)
	at Context.registerClassDependencies(Context.java:61)
	at Context.lambda$registerClassDependencies$4(Context.java:63)
	at java.base/java.util.ArrayList.forEach(ArrayList.java:1540)
	at Context.registerClassDependencies(Context.java:61)
	at Context.lambda$registerClassDependencies$4(Context.java:63)
	at java.base/java.util.ArrayList.forEach(ArrayList.java:1540)
	at Context.registerClassDependencies(Context.java:61)
	at Context.lambda$registerClassDependencies$4(Context.java:63)
	at java.base/java.util.ArrayList.forEach(ArrayList.java:1540)
	at Context.registerClassDependencies(Context.java:61)
	at Context.lambda$registerClassDependencies$4(Context.java:63)
	at java.base/java.util.ArrayList.forEach(ArrayList.java:1540)
	at Context.registerClassDependencies(Context.java:61)
	at Context.lambda$registerClassDependencies$4(Context.java:63)
	at java.base/java.util.ArrayList.forEach(ArrayList.java:1540)
	at Context.registerClassDependencies(Context.java:61)
	at Context.lambda$registerClassDependencies$4(Context.java:63)
	at java.base/java.util.ArrayList.forEach(ArrayList.java:1540)
	at Context.registerClassDependencies(Context.java:61)
	at Context.lambda$registerClassDependencies$4(Context.java:63)
	at java.base/java.util.ArrayList.forEach(ArrayList.java:1540)
	at Context.registerClassDependencies(Context.java:61)
	at Context.lambda$registerClassDependencies$4(Context.java:63)
	at java.base/java.util.ArrayList.forEach(ArrayList.java:1540)
	at Context.registerClassDependencies(Context.java:61)
	at Context.lambda$registerClassDependencies$4(Context.java:63)
	at java.base/java.util.ArrayList.forEach(ArrayList.java:1540)
	at Context.registerClassDependencies(Context.java:61)
	at Context.lambda$registerClassDependencies$4(Context.java:63)
	at java.base/java.util.ArrayList.forEach(ArrayList.java:1540)
	at Context.registerClassDependencies(Context.java:61)
	at Context.lambda$registerClassDependencies$4(Context.java:63)
	at java.base/java.util.ArrayList.forEach(ArrayList.java:1540)
	at Context.registerClassDependencies(Context.java:61)
	at Context.lambda$registerClassDependencies$4(Context.java:63)
	at java.base/java.util.ArrayList.forEach(ArrayList.java:1540)
	at Context.registerClassDependencies(Context.java:61)
	at Context.lambda$registerClassDependencies$4(Context.java:63)
	at java.base/java.util.ArrayList.forEach(ArrayList.java:1540)
	at Context.registerClassDependencies(Context.java:61)
	at Context.lambda$registerClassDependencies$4(Context.java:63)
	at java.base/java.util.ArrayList.forEach(ArrayList.java:1540)
	at Context.registerClassDependencies(Context.java:61)
	at Context.lambda$registerClassDependencies$4(Context.java:63)
	at java.base/java.util.ArrayList.forEach(ArrayList.java:1540)
	at Context.registerClassDependencies(Context.java:61)
	at Context.lambda$registerClassDependencies$4(Context.java:63)
	at java.base/java.util.ArrayList.forEach(ArrayList.java:1540)
	at Context.registerClassDependencies(Context.java:61)
	at Context.lambda$registerClassDependencies$4(Context.java:63)
	at java.base/java.util.ArrayList.forEach(ArrayList.java:1540)
	at Context.registerClassDependencies(Context.java:61)
	at Context.lambda$registerClassDependencies$4(Context.java:63)
	at java.base/java.util.ArrayList.forEach(ArrayList.java:1540)
	at Context.registerClassDependencies(Context.java:61)
	at Context.lambda$registerClassDependencies$4(Context.java:63)
	at java.base/java.util.ArrayList.forEach(ArrayList.java:1540)
	at Context.registerClassDependencies(Context.java:61)
	at Context.lambda$registerClassDependencies$4(Context.java:63)
	at java.base/java.util.ArrayList.forEach(ArrayList.java:1540)
	at Context.registerClassDependencies(Context.java:61)
	at Context.lambda$registerClassDependencies$4(Context.java:63)
	at java.base/java.util.ArrayList.forEach(ArrayList.java:1540)
	at Context.registerClassDependencies(Context.java:61)
	at Context.lambda$registerClassDependencies$4(Context.java:63)
	at java.base/java.util.ArrayList.forEach(ArrayList.java:1540)
	at Context.registerClassDependencies(Context.java:61)
	at Context.lambda$registerClassDependencies$4(Context.java:63)
	at java.base/java.util.ArrayList.forEach(ArrayList.java:1540)
	at Context.registerClassDependencies(Context.java:61)
	at Context.lambda$registerClassDependencies$4(Context.java:63)
	at java.base/java.util.ArrayList.forEach(ArrayList.java:1540)
	at Context.registerClassDependencies(Context.java:61)
	at Context.lambda$registerClassDependencies$4(Context.java:63)
	at java.base/java.util.ArrayList.forEach(ArrayList.java:1540)
	at Context.registerClassDependencies(Context.java:61)
	at Context.lambda$registerClassDependencies$4(Context.java:63)
	at java.base/java.util.ArrayList.forEach(ArrayList.java:1540)
	at Context.registerClassDependencies(Context.java:61)
	at Context.lambda$registerClassDependencies$4(Context.java:63)
	at java.base/java.util.ArrayList.forEach(ArrayList.java:1540)
	at Context.registerClassDependencies(Context.java:61)
	at Context.lambda$registerClassDependencies$4(Context.java:63)
	at java.base/java.util.ArrayList.forEach(ArrayList.java:1540)
	at Context.registerClassDependencies(Context.java:61)
	at Context.lambda$registerClassDependencies$4(Context.java:63)
	at java.base/java.util.ArrayList.forEach(ArrayList.java:1540)
	at Context.registerClassDependencies(Context.java:61)
	at Context.lambda$registerClassDependencies$4(Context.java:63)
	at java.base/java.util.ArrayList.forEach(ArrayList.java:1540)
	at Context.registerClassDependencies(Context.java:61)
	at Context.lambda$registerClassDependencies$4(Context.java:63)
	at java.base/java.util.ArrayList.forEach(ArrayList.java:1540)
	at Context.registerClassDependencies(Context.java:61)
	at Context.lambda$registerClassDependencies$4(Context.java:63)
	at java.base/java.util.ArrayList.forEach(ArrayList.java:1540)
	at Context.registerClassDependencies(Context.java:61)
	at Context.lambda$registerClassDependencies$4(Context.java:63)
	at java.base/java.util.ArrayList.forEach(ArrayList.java:1540)
	at Context.registerClassDependencies(Context.java:61)
	at Context.lambda$registerClassDependencies$4(Context.java:63)
	at java.base/java.util.ArrayList.forEach(ArrayList.java:1540)
	at Context.registerClassDependencies(Context.java:61)
	at Context.lambda$registerClassDependencies$4(Context.java:63)
	at java.base/java.util.ArrayList.forEach(ArrayList.java:1540)
	at Context.registerClassDependencies(Context.java:61)
	at Context.lambda$registerClassDependencies$4(Context.java:63)
	at java.base/java.util.ArrayList.forEach(ArrayList.java:1540)
	at Context.registerClassDependencies(Context.java:61)
	at Context.lambda$registerClassDependencies$4(Context.java:63)
	at java.base/java.util.ArrayList.forEach(ArrayList.java:1540)
	at Context.registerClassDependencies(Context.java:61)
	at Context.lambda$registerClassDependencies$4(Context.java:63)
	at java.base/java.util.ArrayList.forEach(ArrayList.java:1540)
	at Context.registerClassDependencies(Context.java:61)
	at Context.lambda$registerClassDependencies$4(Context.java:63)
	at java.base/java.util.ArrayList.forEach(ArrayList.java:1540)
	at Context.registerClassDependencies(Context.java:61)
	at Context.lambda$registerClassDependencies$4(Context.java:63)
	at java.base/java.util.ArrayList.forEach(ArrayList.java:1540)
	at Context.registerClassDependencies(Context.java:61)
	at Context.lambda$registerClassDependencies$4(Context.java:63)
	at java.base/java.util.ArrayList.forEach(ArrayList.java:1540)
	at Context.registerClassDependencies(Context.java:61)
	at Context.lambda$registerClassDependencies$4(Context.java:63)
	at java.base/java.util.ArrayList.forEach(ArrayList.java:1540)
	at Context.registerClassDependencies(Context.java:61)
	at Context.lambda$registerClassDependencies$4(Context.java:63)
	at java.base/java.util.ArrayList.forEach(ArrayList.java:1540)
	at Context.registerClassDependencies(Context.java:61)
	at Context.lambda$registerClassDependencies$4(Context.java:63)
	at java.base/java.util.ArrayList.forEach(ArrayList.java:1540)
	at Context.registerClassDependencies(Context.java:61)
	at Context.lambda$registerClassDependencies$4(Context.java:63)
	at java.base/java.util.ArrayList.forEach(ArrayList.java:1540)
	at Context.registerClassDependencies(Context.java:61)
	at Context.lambda$registerClassDependencies$4(Context.java:63)
	at java.base/java.util.ArrayList.forEach(ArrayList.java:1540)
	at Context.registerClassDependencies(Context.java:61)
	at Context.lambda$registerClassDependencies$4(Context.java:63)
	at java.base/java.util.ArrayList.forEach(ArrayList.java:1540)
	at Context.registerClassDependencies(Context.java:61)
	at Context.lambda$registerClassDependencies$4(Context.java:63)
	at java.base/java.util.ArrayList.forEach(ArrayList.java:1540)
	at Context.registerClassDependencies(Context.java:61)
	at Context.lambda$registerClassDependencies$4(Context.java:63)
	at java.base/java.util.ArrayList.forEach(ArrayList.java:1540)
	at Context.registerClassDependencies(Context.java:61)
	at Context.lambda$registerClassDependencies$4(Context.java:63)
	at java.base/java.util.ArrayList.forEach(ArrayList.java:1540)
	at Context.registerClassDependencies(Context.java:61)
	at Context.lambda$registerClassDependencies$4(Context.java:63)
	at java.base/java.util.ArrayList.forEach(ArrayList.java:1540)
	at Context.registerClassDependencies(Context.java:61)
	at Context.lambda$registerClassDependencies$4(Context.java:63)
	at java.base/java.util.ArrayList.forEach(ArrayList.java:1540)
	at Context.registerClassDependencies(Context.java:61)
	at Context.lambda$registerClassDependencies$4(Context.java:63)
	at java.base/java.util.ArrayList.forEach(ArrayList.java:1540)
	at Context.registerClassDependencies(Context.java:61)
	at Context.lambda$registerClassDependencies$4(Context.java:63)
	at java.base/java.util.ArrayList.forEach(ArrayList.java:1540)
	at Context.registerClassDependencies(Context.java:61)
	at Context.lambda$registerClassDependencies$4(Context.java:63)
	at java.base/java.util.ArrayList.forEach(ArrayList.java:1540)
	at Context.registerClassDependencies(Context.java:61)
	at Context.lambda$registerClassDependencies$4(Context.java:63)
	at java.base/java.util.ArrayList.forEach(ArrayList.java:1540)
	at Context.registerClassDependencies(Context.java:61)
	at Context.lambda$registerClassDependencies$4(Context.java:63)
	at java.base/java.util.ArrayList.forEach(ArrayList.java:1540)
	at Context.registerClassDependencies(Context.java:61)
	at Context.lambda$registerClassDependencies$4(Context.java:63)
	at java.base/java.util.ArrayList.forEach(ArrayList.java:1540)
	at Context.registerClassDependencies(Context.java:61)
	at Context.lambda$registerClassDependencies$4(Context.java:63)
	at java.base/java.util.ArrayList.forEach(ArrayList.java:1540)
	at Context.registerClassDependencies(Context.java:61)
	at Context.lambda$registerClassDependencies$4(Context.java:63)
	at java.base/java.util.ArrayList.forEach(ArrayList.java:1540)
	at Context.registerClassDependencies(Context.java:61)
	at Context.lambda$registerClassDependencies$4(Context.java:63)
	at java.base/java.util.ArrayList.forEach(ArrayList.java:1540)
	at Context.registerClassDependencies(Context.java:61)
	at Context.lambda$registerClassDependencies$4(Context.java:63)
	at java.base/java.util.ArrayList.forEach(ArrayList.java:1540)
	at Context.registerClassDependencies(Context.java:61)
	at Context.lambda$registerClassDependencies$4(Context.java:63)
	at java.base/java.util.ArrayList.forEach(ArrayList.java:1540)
	at Context.registerClassDependencies(Context.java:61)
	at Context.lambda$registerClassDependencies$4(Context.java:63)
	at java.base/java.util.ArrayList.forEach(ArrayList.java:1540)
	at Context.registerClassDependencies(Context.java:61)
	at Context.lambda$registerClassDependencies$4(Context.java:63)
	at java.base/java.util.ArrayList.forEach(ArrayList.java:1540)
	at Context.registerClassDependencies(Context.java:61)
	at Context.lambda$registerClassDependencies$4(Context.java:63)
	at java.base/java.util.ArrayList.forEach(ArrayList.java:1540)
	at Context.registerClassDependencies(Context.java:61)
	at Context.lambda$registerClassDependencies$4(Context.java:63)
	at java.base/java.util.ArrayList.forEach(ArrayList.java:1540)
	at Context.registerClassDependencies(Context.java:61)
	at Context.lambda$registerClassDependencies$4(Context.java:63)
	at java.base/java.util.ArrayList.forEach(ArrayList.java:1540)
	at Context.registerClassDependencies(Context.java:61)
	at Context.lambda$registerClassDependencies$4(Context.java:63)
	at java.base/java.util.ArrayList.forEach(ArrayList.java:1540)
	at Context.registerClassDependencies(Context.java:61)
	at Context.lambda$registerClassDependencies$4(Context.java:63)
	at java.base/java.util.ArrayList.forEach(ArrayList.java:1540)
	at Context.registerClassDependencies(Context.java:61)
	at Context.lambda$registerClassDependencies$4(Context.java:63)
	at java.base/java.util.ArrayList.forEach(ArrayList.java:1540)
	at Context.registerClassDependencies(Context.java:61)
	at Context.lambda$registerClassDependencies$4(Context.java:63)
	at java.base/java.util.ArrayList.forEach(ArrayList.java:1540)
	at Context.registerClassDependencies(Context.java:61)
	at Context.lambda$registerClassDependencies$4(Context.java:63)
	at java.base/java.util.ArrayList.forEach(ArrayList.java:1540)
	at Context.registerClassDependencies(Context.java:61)
	at Context.lambda$registerClassDependencies$4(Context.java:63)
	at java.base/java.util.ArrayList.forEach(ArrayList.java:1540)
	at Context.registerClassDependencies(Context.java:61)
	at Context.lambda$registerClassDependencies$4(Context.java:63)
	at java.base/java.util.ArrayList.forEach(ArrayList.java:1540)
	at Context.registerClassDependencies(Context.java:61)
	at Context.lambda$registerClassDependencies$4(Context.java:63)
	at java.base/java.util.ArrayList.forEach(ArrayList.java:1540)
	at Context.registerClassDependencies(Context.java:61)
	at Context.lambda$registerClassDependencies$4(Context.java:63)
	at java.base/java.util.ArrayList.forEach(ArrayList.java:1540)
	at Context.registerClassDependencies(Context.java:61)
	at Context.lambda$registerClassDependencies$4(Context.java:63)
	at java.base/java.util.ArrayList.forEach(ArrayList.java:1540)
	at Context.registerClassDependencies(Context.java:61)
	at Context.lambda$registerClassDependencies$4(Context.java:63)
	at java.base/java.util.ArrayList.forEach(ArrayList.java:1540)
	at Context.registerClassDependencies(Context.java:61)
	at Context.lambda$registerClassDependencies$4(Context.java:63)
	at java.base/java.util.ArrayList.forEach(ArrayList.java:1540)
	at Context.registerClassDependencies(Context.java:61)
	at Context.lambda$registerClassDependencies$4(Context.java:63)
	at java.base/java.util.ArrayList.forEach(ArrayList.java:1540)
	at Context.registerClassDependencies(Context.java:61)
	at Context.lambda$registerClassDependencies$4(Context.java:63)
	at java.base/java.util.ArrayList.forEach(ArrayList.java:1540)
	at Context.registerClassDependencies(Context.java:61)
	at Context.lambda$registerClassDependencies$4(Context.java:63)
	at java.base/java.util.ArrayList.forEach(ArrayList.java:1540)
	at Context.registerClassDependencies(Context.java:61)
	at Context.lambda$registerClassDependencies$4(Context.java:63)
	at java.base/java.util.ArrayList.forEach(ArrayList.java:1540)
	at Context.registerClassDependencies(Context.java:61)
	at Context.lambda$registerClassDependencies$4(Context.java:63)
	at java.base/java.util.ArrayList.forEach(ArrayList.java:1540)
	at Context.registerClassDependencies(Context.java:61)
	at Context.lambda$registerClassDependencies$4(Context.java:63)
	at java.base/java.util.ArrayList.forEach(ArrayList.java:1540)
	at Context.registerClassDependencies(Context.java:61)
	at Context.lambda$registerClassDependencies$4(Context.java:63)
	at java.base/java.util.ArrayList.forEach(ArrayList.java:1540)
	at Context.registerClassDependencies(Context.java:61)
	at Context.lambda$registerClassDependencies$4(Context.java:63)
	at java.base/java.util.ArrayList.forEach(ArrayList.java:1540)
	at Context.registerClassDependencies(Context.java:61)
	at Context.lambda$registerClassDependencies$4(Context.java:63)
	at java.base/java.util.ArrayList.forEach(ArrayList.java:1540)
	at Context.registerClassDependencies(Context.java:61)
	at Context.lambda$registerClassDependencies$4(Context.java:63)
	at java.base/java.util.ArrayList.forEach(ArrayList.java:1540)
	at Context.registerClassDependencies(Context.java:61)
	at Context.lambda$registerClassDependencies$4(Context.java:63)
	at java.base/java.util.ArrayList.forEach(ArrayList.java:1540)
	at Context.registerClassDependencies(Context.java:61)
	at Context.lambda$registerClassDependencies$4(Context.java:63)
	at java.base/java.util.ArrayList.forEach(ArrayList.java:1540)
	at Context.registerClassDependencies(Context.java:61)
	at Context.lambda$registerClassDependencies$4(Context.java:63)
	at java.base/java.util.ArrayList.forEach(ArrayList.java:1540)
	at Context.registerClassDependencies(Context.java:61)
	at Context.lambda$registerClassDependencies$4(Context.java:63)
	at java.base/java.util.ArrayList.forEach(ArrayList.java:1540)
	at Context.registerClassDependencies(Context.java:61)
	at Context.lambda$registerClassDependencies$4(Context.java:63)
	at java.base/java.util.ArrayList.forEach(ArrayList.java:1540)
	at Context.registerClassDependencies(Context.java:61)
	at Context.lambda$registerClassDependencies$4(Context.java:63)
	at java.base/java.util.ArrayList.forEach(ArrayList.java:1540)
	at Context.registerClassDependencies(Context.java:61)
	at Context.lambda$registerClassDependencies$4(Context.java:63)
	at java.base/java.util.ArrayList.forEach(ArrayList.java:1540)
	at Context.registerClassDependencies(Context.java:61)
	at Context.lambda$registerClassDependencies$4(Context.java:63)
	at java.base/java.util.ArrayList.forEach(ArrayList.java:1540)
	at Context.registerClassDependencies(Context.java:61)
	at Context.lambda$registerClassDependencies$4(Context.java:63)
	at java.base/java.util.ArrayList.forEach(ArrayList.java:1540)
	at Context.registerClassDependencies(Context.java:61)
	at Context.lambda$registerClassDependencies$4(Context.java:63)
	at java.base/java.util.ArrayList.forEach(ArrayList.java:1540)
	at Context.registerClassDependencies(Context.java:61)
	at Context.lambda$registerClassDependencies$4(Context.java:63)
	at java.base/java.util.ArrayList.forEach(ArrayList.java:1540)
	at Context.registerClassDependencies(Context.java:61)
	at Context.lambda$registerClassDependencies$4(Context.java:63)
	at java.base/java.util.ArrayList.forEach(ArrayList.java:1540)
	at Context.registerClassDependencies(Context.java:61)
	at Context.lambda$registerClassDependencies$4(Context.java:63)
	at java.base/java.util.ArrayList.forEach(ArrayList.java:1540)
	at Context.registerClassDependencies(Context.java:61)
	at Context.lambda$registerClassDependencies$4(Context.java:63)
	at java.base/java.util.ArrayList.forEach(ArrayList.java:1540)
	at Context.registerClassDependencies(Context.java:61)
	at Context.lambda$registerClassDependencies$4(Context.java:63)
	at java.base/java.util.ArrayList.forEach(ArrayList.java:1540)
	at Context.registerClassDependencies(Context.java:61)
	at Context.lambda$registerClassDependencies$4(Context.java:63)
	at java.base/java.util.ArrayList.forEach(ArrayList.java:1540)
	at Context.registerClassDependencies(Context.java:61)
	at Context.lambda$registerClassDependencies$4(Context.java:63)
	at java.base/java.util.ArrayList.forEach(ArrayList.java:1540)
	at Context.registerClassDependencies(Context.java:61)
	at Context.lambda$registerClassDependencies$4(Context.java:63)
	at java.base/java.util.ArrayList.forEach(ArrayList.java:1540)
	at Context.registerClassDependencies(Context.java:61)
	at Context.lambda$registerClassDependencies$4(Context.java:63)
	at java.base/java.util.ArrayList.forEach(ArrayList.java:1540)
	at Context.registerClassDependencies(Context.java:61)
	at Context.lambda$registerClassDependencies$4(Context.java:63)
	at java.base/java.util.ArrayList.forEach(ArrayList.java:1540)
	at Context.registerClassDependencies(Context.java:61)
	at Context.lambda$registerClassDependencies$4(Context.java:63)
	at java.base/java.util.ArrayList.forEach(ArrayList.java:1540)
	at Context.registerClassDependencies(Context.java:61)
	at Context.lambda$registerClassDependencies$4(Context.java:63)
	at java.base/java.util.ArrayList.forEach(ArrayList.java:1540)
	at Context.registerClassDependencies(Context.java:61)
	at Context.lambda$registerClassDependencies$4(Context.java:63)
	at java.base/java.util.ArrayList.forEach(ArrayList.java:1540)
	at Context.registerClassDependencies(Context.java:61)
	at Context.lambda$registerClassDependencies$4(Context.java:63)
	at java.base/java.util.ArrayList.forEach(ArrayList.java:1540)
	at Context.registerClassDependencies(Context.java:61)
	at Context.lambda$registerClassDependencies$4(Context.java:63)
	at java.base/java.util.ArrayList.forEach(ArrayList.java:1540)
	at Context.registerClassDependencies(Context.java:61)
	at Context.lambda$registerClassDependencies$4(Context.java:63)
	at java.base/java.util.ArrayList.forEach(ArrayList.java:1540)
	at Context.registerClassDependencies(Context.java:61)
	at Context.lambda$registerClassDependencies$4(Context.java:63)
	at java.base/java.util.ArrayList.forEach(ArrayList.java:1540)
	at Context.registerClassDependencies(Context.java:61)
	at Context.lambda$registerClassDependencies$4(Context.java:63)
	at java.base/java.util.ArrayList.forEach(ArrayList.java:1540)
	at Context.registerClassDependencies(Context.java:61)
	at Context.lambda$registerClassDependencies$4(Context.java:63)
	at java.base/java.util.ArrayList.forEach(ArrayList.java:1540)
	at Context.registerClassDependencies(Context.java:61)
	at Context.lambda$registerClassDependencies$4(Context.java:63)
	at java.base/java.util.ArrayList.forEach(ArrayList.java:1540)
	at Context.registerClassDependencies(Context.java:61)
	at Context.lambda$registerClassDependencies$4(Context.java:63)
	at java.base/java.util.ArrayList.forEach(ArrayList.java:1540)
	at Context.registerClassDependencies(Context.java:61)
	at Context.lambda$registerClassDependencies$4(Context.java:63)
	at java.base/java.util.ArrayList.forEach(ArrayList.java:1540)
	at Context.registerClassDependencies(Context.java:61)
	at Context.lambda$registerClassDependencies$4(Context.java:63)
	at java.base/java.util.ArrayList.forEach(ArrayList.java:1540)
	at Context.registerClassDependencies(Context.java:61)
	at Context.lambda$registerClassDependencies$4(Context.java:63)
	at java.base/java.util.ArrayList.forEach(ArrayList.java:1540)
	at Context.registerClassDependencies(Context.java:61)
	at Context.lambda$registerClassDependencies$4(Context.java:63)
	at java.base/java.util.ArrayList.forEach(ArrayList.java:1540)
	at Context.registerClassDependencies(Context.java:61)
	at Context.lambda$registerClassDependencies$4(Context.java:63)
	at java.base/java.util.ArrayList.forEach(ArrayList.java:1540)
	at Context.registerClassDependencies(Context.java:61)
	at Context.lambda$registerClassDependencies$4(Context.java:63)
	at java.base/java.util.ArrayList.forEach(ArrayList.java:1540)
	at Context.registerClassDependencies(Context.java:61)
	at Context.lambda$registerClassDependencies$4(Context.java:63)
	at java.base/java.util.ArrayList.forEach(ArrayList.java:1540)
	at Context.registerClassDependencies(Context.java:61)
	at Context.lambda$registerClassDependencies$4(Context.java:63)
	at java.base/java.util.ArrayList.forEach(ArrayList.java:1540)
	at Context.registerClassDependencies(Context.java:61)
	at Context.lambda$registerClassDependencies$4(Context.java:63)
	at java.base/java.util.ArrayList.forEach(ArrayList.java:1540)
	at Context.registerClassDependencies(Context.java:61)
	at Context.lambda$registerClassDependencies$4(Context.java:63)
	at java.base/java.util.ArrayList.forEach(ArrayList.java:1540)
	at Context.registerClassDependencies(Context.java:61)
	at Context.lambda$registerClassDependencies$4(Context.java:63)
	at java.base/java.util.ArrayList.forEach(ArrayList.java:1540)
	at Context.registerClassDependencies(Context.java:61)
	at Context.lambda$registerClassDependencies$4(Context.java:63)
	at java.base/java.util.ArrayList.forEach(ArrayList.java:1540)
	at Context.registerClassDependencies(Context.java:61)
	at Context.lambda$registerClassDependencies$4(Context.java:63)
	at java.base/java.util.ArrayList.forEach(ArrayList.java:1540)
	at Context.registerClassDependencies(Context.java:61)
	at Context.lambda$registerClassDependencies$4(Context.java:63)
	at java.base/java.util.ArrayList.forEach(ArrayList.java:1540)
	at Context.registerClassDependencies(Context.java:61)
	at Context.lambda$registerClassDependencies$4(Context.java:63)
	at java.base/java.util.ArrayList.forEach(ArrayList.java:1540)
	at Context.registerClassDependencies(Context.java:61)
	at Context.lambda$registerClassDependencies$4(Context.java:63)
	at java.base/java.util.ArrayList.forEach(ArrayList.java:1540)
	at Context.registerClassDependencies(Context.java:61)
	at Context.lambda$registerClassDependencies$4(Context.java:63)
	at java.base/java.util.ArrayList.forEach(ArrayList.java:1540)
	at Context.registerClassDependencies(Context.java:61)
	at Context.lambda$registerClassDependencies$4(Context.java:63)
	at java.base/java.util.ArrayList.forEach(ArrayList.java:1540)
	at Context.registerClassDependencies(Context.java:61)
	at Context.lambda$registerClassDependencies$4(Context.java:63)
	at java.base/java.util.ArrayList.forEach(ArrayList.java:1540)
	at Context.registerClassDependencies(Context.java:61)
	at Context.lambda$registerClassDependencies$4(Context.java:63)
	at java.base/java.util.ArrayList.forEach(ArrayList.java:1540)
	at Context.registerClassDependencies(Context.java:61)
	at Context.lambda$registerClassDependencies$4(Context.java:63)
	at java.base/java.util.ArrayList.forEach(ArrayList.java:1540)
	at Context.registerClassDependencies(Context.java:61)
	at Context.lambda$registerClassDependencies$4(Context.java:63)
	at java.base/java.util.ArrayList.forEach(ArrayList.java:1540)
	at Context.registerClassDependencies(Context.java:61)
	at Context.lambda$registerClassDependencies$4(Context.java:63)
	at java.base/java.util.ArrayList.forEach(ArrayList.java:1540)
	at Context.registerClassDependencies(Context.java:61)
	at Context.lambda$registerClassDependencies$4(Context.java:63)
	at java.base/java.util.ArrayList.forEach(ArrayList.java:1540)
	at Context.registerClassDependencies(Context.java:61)
	at Context.lambda$registerClassDependencies$4(Context.java:63)
	at java.base/java.util.ArrayList.forEach(ArrayList.java:1540)
	at Context.registerClassDependencies(Context.java:61)
	at Context.lambda$registerClassDependencies$4(Context.java:63)
	at java.base/java.util.ArrayList.forEach(ArrayList.java:1540)
	at Context.registerClassDependencies(Context.java:61)
	at Context.lambda$registerClassDependencies$4(Context.java:63)
	at java.base/java.util.ArrayList.forEach(ArrayList.java:1540)
	at Context.registerClassDependencies(Context.java:61)
	at Context.lambda$registerClassDependencies$4(Context.java:63)
	at java.base/java.util.ArrayList.forEach(ArrayList.java:1540)
	at Context.registerClassDependencies(Context.java:61)
	at Context.lambda$registerClassDependencies$4(Context.java:63)
	at java.base/java.util.ArrayList.forEach(ArrayList.java:1540)
	at Context.registerClassDependencies(Context.java:61)
	at Context.lambda$registerClassDependencies$4(Context.java:63)
	at java.base/java.util.ArrayList.forEach(ArrayList.java:1540)
	at Context.registerClassDependencies(Context.java:61)
	at Context.lambda$registerClassDependencies$4(Context.java:63)
	at java.base/java.util.ArrayList.forEach(ArrayList.java:1540)
	at Context.registerClassDependencies(Context.java:61)
	at Context.lambda$registerClassDependencies$4(Context.java:63)
	at java.base/java.util.ArrayList.forEach(ArrayList.java:1540)
	at Context.registerClassDependencies(Context.java:61)
	at Context.lambda$registerClassDependencies$4(Context.java:63)
	at java.base/java.util.ArrayList.forEach(ArrayList.java:1540)
	at Context.registerClassDependencies(Context.java:61)
	at Context.lambda$registerClassDependencies$4(Context.java:63)
	at java.base/java.util.ArrayList.forEach(ArrayList.java:1540)
	at Context.registerClassDependencies(Context.java:61)
	at Context.lambda$registerClassDependencies$4(Context.java:63)
	at java.base/java.util.ArrayList.forEach(ArrayList.java:1540)
	at Context.registerClassDependencies(Context.java:61)
	at Context.lambda$registerClassDependencies$4(Context.java:63)
	at java.base/java.util.ArrayList.forEach(ArrayList.java:1540)
	at Context.registerClassDependencies(Context.java:61)
	at Context.lambda$registerClassDependencies$4(Context.java:63)
	at java.base/java.util.ArrayList.forEach(ArrayList.java:1540)
	at Context.registerClassDependencies(Context.java:61)
	at Context.lambda$registerClassDependencies$4(Context.java:63)
	at java.base/java.util.ArrayList.forEach(ArrayList.java:1540)
	at Context.registerClassDependencies(Context.java:61)
	at Context.lambda$registerClassDependencies$4(Context.java:63)
	at java.base/java.util.ArrayList.forEach(ArrayList.java:1540)
	at Context.registerClassDependencies(Context.java:61)
	at Context.lambda$registerClassDependencies$4(Context.java:63)
	at java.base/java.util.ArrayList.forEach(ArrayList.java:1540)
	at Context.registerClassDependencies(Context.java:61)
	at Context.lambda$registerClassDependencies$4(Context.java:63)
	at java.base/java.util.ArrayList.forEach(ArrayList.java:1540)
	at Context.registerClassDependencies(Context.java:61)
	at Context.lambda$registerClassDependencies$4(Context.java:63)
	at java.base/java.util.ArrayList.forEach(ArrayList.java:1540)
	at Context.registerClassDependencies(Context.java:61)
	at Context.lambda$registerClassDependencies$4(Context.java:63)
	at java.base/java.util.ArrayList.forEach(ArrayList.java:1540)
	at Context.registerClassDependencies(Context.java:61)
	at Context.lambda$registerClassDependencies$4(Context.java:63)
	at java.base/java.util.ArrayList.forEach(ArrayList.java:1540)
	at Context.registerClassDependencies(Context.java:61)
	at Context.lambda$registerClassDependencies$4(Context.java:63)
	at java.base/java.util.ArrayList.forEach(ArrayList.java:1540)
	at Context.registerClassDependencies(Context.java:61)
	at Context.lambda$registerClassDependencies$4(Context.java:63)
	at java.base/java.util.ArrayList.forEach(ArrayList.java:1540)
	at Context.registerClassDependencies(Context.java:61)
	at Context.lambda$registerClassDependencies$4(Context.java:63)
	at java.base/java.util.ArrayList.forEach(ArrayList.java:1540)
	at Context.registerClassDependencies(Context.java:61)
	at Context.lambda$registerClassDependencies$4(Context.java:63)
	at java.base/java.util.ArrayList.forEach(ArrayList.java:1540)
	at Context.registerClassDependencies(Context.java:61)
	at Context.lambda$registerClassDependencies$4(Context.java:63)
	at java.base/java.util.ArrayList.forEach(ArrayList.java:1540)
	at Context.registerClassDependencies(Context.java:61)
	at Context.lambda$registerClassDependencies$4(Context.java:63)
	at java.base/java.util.ArrayList.forEach(ArrayList.java:1540)
	at Context.registerClassDependencies(Context.java:61)
	at Context.lambda$registerClassDependencies$4(Context.java:63)
	at java.base/java.util.ArrayList.forEach(ArrayList.java:1540)
	at Context.registerClassDependencies(Context.java:61)
	at Context.lambda$registerClassDependencies$4(Context.java:63)
	at java.base/java.util.ArrayList.forEach(ArrayList.java:1540)
	at Context.registerClassDependencies(Context.java:61)
	at Context.lambda$registerClassDependencies$4(Context.java:63)
	at java.base/java.util.ArrayList.forEach(ArrayList.java:1540)
	at Context.registerClassDependencies(Context.java:61)
	at Context.lambda$registerClassDependencies$4(Context.java:63)
	at java.base/java.util.ArrayList.forEach(ArrayList.java:1540)
	at Context.registerClassDependencies(Context.java:61)
	at Context.lambda$registerClassDependencies$4(Context.java:63)
	at java.base/java.util.ArrayList.forEach(ArrayList.java:1540)
	at Context.registerClassDependencies(Context.java:61)
	at Context.lambda$registerClassDependencies$4(Context.java:63)
	at java.base/java.util.ArrayList.forEach(ArrayList.java:1540)
	at Context.registerClassDependencies(Context.java:61)
	at Context.lambda$registerClassDependencies$4(Context.java:63)
	at java.base/java.util.ArrayList.forEach(ArrayList.java:1540)
	at Context.registerClassDependencies(Context.java:61)
	at Context.lambda$registerClassDependencies$4(Context.java:63)
	at java.base/java.util.ArrayList.forEach(ArrayList.java:1540)
	at Context.registerClassDependencies(Context.java:61)
	at Context.lambda$registerClassDependencies$4(Context.java:63)
	at java.base/java.util.ArrayList.forEach(ArrayList.java:1540)
	at Context.registerClassDependencies(Context.java:61)
	at Context.lambda$registerClassDependencies$4(Context.java:63)
	at java.base/java.util.ArrayList.forEach(ArrayList.java:1540)
	at Context.registerClassDependencies(Context.java:61)
	at Context.lambda$registerClassDependencies$4(Context.java:63)
	at java.base/java.util.ArrayList.forEach(ArrayList.java:1540)
	at Context.registerClassDependencies(Context.java:61)
	at Context.lambda$registerClassDependencies$4(Context.java:63)
	at java.base/java.util.ArrayList.forEach(ArrayList.java:1540)
	at Context.registerClassDependencies(Context.java:61)
	at Context.lambda$registerClassDependencies$4(Context.java:63)
	at java.base/java.util.ArrayList.forEach(ArrayList.java:1540)
	at Context.registerClassDependencies(Context.java:61)
	at Context.lambda$registerClassDependencies$4(Context.java:63)
	at java.base/java.util.ArrayList.forEach(ArrayList.java:1540)
	at Context.registerClassDependencies(Context.java:61)
	at Context.lambda$registerClassDependencies$4(Context.java:63)
	at java.base/java.util.ArrayList.forEach(ArrayList.java:1540)
	at Context.registerClassDependencies(Context.java:61)
	at Context.lambda$registerClassDependencies$4(Context.java:63)
	at java.base/java.util.ArrayList.forEach(ArrayList.java:1540)
	at Context.registerClassDependencies(Context.java:61)
	at Context.lambda$registerClassDependencies$4(Context.java:63)
	at java.base/java.util.ArrayList.forEach(ArrayList.java:1540)
	at Context.registerClassDependencies(Context.java:61)
	at Context.lambda$registerClassDependencies$4(Context.java:63)
	at java.base/java.util.ArrayList.forEach(ArrayList.java:1540)
	at Context.registerClassDependencies(Context.java:61)
	at Context.lambda$registerClassDependencies$4(Context.java:63)
	at java.base/java.util.ArrayList.forEach(ArrayList.java:1540)
	at Context.registerClassDependencies(Context.java:61)
	at Context.lambda$registerClassDependencies$4(Context.java:63)
	at java.base/java.util.ArrayList.forEach(ArrayList.java:1540)
	at Context.registerClassDependencies(Context.java:61)
	at Context.lambda$registerClassDependencies$4(Context.java:63)
	at java.base/java.util.ArrayList.forEach(ArrayList.java:1540)
	at Context.registerClassDependencies(Context.java:61)
	at Context.lambda$registerClassDependencies$4(Context.java:63)
	at java.base/java.util.ArrayList.forEach(ArrayList.java:1540)
	at Context.registerClassDependencies(Context.java:61)
	at Context.lambda$registerClassDependencies$4(Context.java:63)
	at java.base/java.util.ArrayList.forEach(ArrayList.java:1540)
	at Context.registerClassDependencies(Context.java:61)
	at Context.lambda$registerClassDependencies$4(Context.java:63)
	at java.base/java.util.ArrayList.forEach(ArrayList.java:1540)
	at Context.registerClassDependencies(Context.java:61)
	at Context.lambda$registerClassDependencies$4(Context.java:63)
	at java.base/java.util.ArrayList.forEach(ArrayList.java:1540)
	at Context.registerClassDependencies(Context.java:61)
	at Context.lambda$registerClassDependencies$4(Context.java:63)
	at java.base/java.util.ArrayList.forEach(ArrayList.java:1540)
	at Context.registerClassDependencies(Context.java:61)
	at Context.lambda$registerClassDependencies$4(Context.java:63)
	at java.base/java.util.ArrayList.forEach(ArrayList.java:1540)
	at Context.registerClassDependencies(Context.java:61)
	at Context.lambda$registerClassDependencies$4(Context.java:63)
	at java.base/java.util.ArrayList.forEach(ArrayList.java:1540)
	at Context.registerClassDependencies(Context.java:61)
	at Context.lambda$registerClassDependencies$4(Context.java:63)
	at java.base/java.util.ArrayList.forEach(ArrayList.java:1540)
	at Context.registerClassDependencies(Context.java:61)
	at Context.lambda$registerClassDependencies$4(Context.java:63)
	at java.base/java.util.ArrayList.forEach(ArrayList.java:1540)
	at Context.registerClassDependencies(Context.java:61)
	at Context.lambda$registerClassDependencies$4(Context.java:63)
	at java.base/java.util.ArrayList.forEach(ArrayList.java:1540)
	at Context.registerClassDependencies(Context.java:61)
	at Context.lambda$registerClassDependencies$4(Context.java:63)
	at java.base/java.util.ArrayList.forEach(ArrayList.java:1540)
	at Context.registerClassDependencies(Context.java:61)
	at Context.lambda$registerClassDependencies$4(Context.java:63)
	at java.base/java.util.ArrayList.forEach(ArrayList.java:1540)
	at Context.registerClassDependencies(Context.java:61)
	at Context.lambda$registerClassDependencies$4(Context.java:63)
	at java.base/java.util.ArrayList.forEach(ArrayList.java:1540)
	at Context.registerClassDependencies(Context.java:61)
	at Context.lambda$registerClassDependencies$4(Context.java:63)
	at java.base/java.util.ArrayList.forEach(ArrayList.java:1540)
	at Context.registerClassDependencies(Context.java:61)
	at Context.lambda$registerClassDependencies$4(Context.java:63)
	at java.base/java.util.ArrayList.forEach(ArrayList.java:1540)
	at Context.registerClassDependencies(Context.java:61)
	at Context.lambda$registerClassDependencies$4(Context.java:63)
	at java.base/java.util.ArrayList.forEach(ArrayList.java:1540)
	at Context.registerClassDependencies(Context.java:61)
	at Context.lambda$registerClassDependencies$4(Context.java:63)
	at java.base/java.util.ArrayList.forEach(ArrayList.java:1540)
	at Context.registerClassDependencies(Context.java:61)
	at Context.lambda$registerClassDependencies$4(Context.java:63)
	at java.base/java.util.ArrayList.forEach(ArrayList.java:1540)
	at Context.registerClassDependencies(Context.java:61)
	at Context.lambda$registerClassDependencies$4(Context.java:63)
	at java.base/java.util.ArrayList.forEach(ArrayList.java:1540)
	at Context.registerClassDependencies(Context.java:61)
	at Context.lambda$registerClassDependencies$4(Context.java:63)
	at java.base/java.util.ArrayList.forEach(ArrayList.java:1540)
	at Context.registerClassDependencies(Context.java:61)
	at Context.lambda$registerClassDependencies$4(Context.java:63)
	at java.base/java.util.ArrayList.forEach(ArrayList.java:1540)
	at Context.registerClassDependencies(Context.java:61)
	at Context.lambda$registerClassDependencies$4(Context.java:63)
	at java.base/java.util.ArrayList.forEach(ArrayList.java:1540)
	at Context.registerClassDependencies(Context.java:61)
	at Context.lambda$registerClassDependencies$4(Context.java:63)
	at java.base/java.util.ArrayList.forEach(ArrayList.java:1540)
	at Context.registerClassDependencies(Context.java:61)
	at Context.lambda$registerClassDependencies$4(Context.java:63)
	at java.base/java.util.ArrayList.forEach(ArrayList.java:1540)
	at Context.registerClassDependencies(Context.java:61)
	at Context.lambda$registerClassDependencies$4(Context.java:63)
	at java.base/java.util.ArrayList.forEach(ArrayList.java:1540)
	at Context.registerClassDependencies(Context.java:61)
	at Context.lambda$registerClassDependencies$4(Context.java:63)
	at java.base/java.util.ArrayList.forEach(ArrayList.java:1540)
	at Context.registerClassDependencies(Context.java:61)
	at Context.lambda$registerClassDependencies$4(Context.java:63)
	at java.base/java.util.ArrayList.forEach(ArrayList.java:1540)
	at Context.registerClassDependencies(Context.java:61)
	at Context.lambda$registerClassDependencies$4(Context.java:63)
	at java.base/java.util.ArrayList.forEach(ArrayList.java:1540)
	at Context.registerClassDependencies(Context.java:61)
	at Context.lambda$registerClassDependencies$4(Context.java:63)
	at java.base/java.util.ArrayList.forEach(ArrayList.java:1540)
	at Context.registerClassDependencies(Context.java:61)
	at Context.lambda$registerClassDependencies$4(Context.java:63)
	at java.base/java.util.ArrayList.forEach(ArrayList.java:1540)
	at Context.registerClassDependencies(Context.java:61)
	at Context.lambda$registerClassDependencies$4(Context.java:63)
	at java.base/java.util.ArrayList.forEach(ArrayList.java:1540)
	at Context.registerClassDependencies(Context.java:61)
	at Context.lambda$registerClassDependencies$4(Context.java:63)
	at java.base/java.util.ArrayList.forEach(ArrayList.java:1540)
	at Context.registerClassDependencies(Context.java:61)
	at Context.lambda$registerClassDependencies$4(Context.java:63)
	at java.base/java.util.ArrayList.forEach(ArrayList.java:1540)
	at Context.registerClassDependencies(Context.java:61)
	at Context.lambda$registerClassDependencies$4(Context.java:63)
	at java.base/java.util.ArrayList.forEach(ArrayList.java:1540)
	at Context.registerClassDependencies(Context.java:61)
	at Context.lambda$registerClassDependencies$4(Context.java:63)
	at java.base/java.util.ArrayList.forEach(ArrayList.java:1540)
	at Context.registerClassDependencies(Context.java:61)
	at Context.lambda$registerClassDependencies$4(Context.java:63)
	at java.base/java.util.ArrayList.forEach(ArrayList.java:1540)
	at Context.registerClassDependencies(Context.java:61)
	at Context.lambda$registerClassDependencies$4(Context.java:63)
	at java.base/java.util.ArrayList.forEach(ArrayList.java:1540)
	at Context.registerClassDependencies(Context.java:61)
	at Context.lambda$registerClassDependencies$4(Context.java:63)
	at java.base/java.util.ArrayList.forEach(ArrayList.java:1540)
	at Context.registerClassDependencies(Context.java:61)
	at Context.lambda$registerClassDependencies$4(Context.java:63)
	at java.base/java.util.ArrayList.forEach(ArrayList.java:1540)
	at Context.registerClassDependencies(Context.java:61)
	at Context.lambda$registerClassDependencies$4(Context.java:63)
	at java.base/java.util.ArrayList.forEach(ArrayList.java:1540)
	at Context.registerClassDependencies(Context.java:61)
	at Context.lambda$registerClassDependencies$4(Context.java:63)
	at java.base/java.util.ArrayList.forEach(ArrayList.java:1540)
	at Context.registerClassDependencies(Context.java:61)
	at Context.lambda$registerClassDependencies$4(Context.java:63)
	at java.base/java.util.ArrayList.forEach(ArrayList.java:1540)
	at Context.registerClassDependencies(Context.java:61)
	at Context.lambda$registerClassDependencies$4(Context.java:63)
	at java.base/java.util.ArrayList.forEach(ArrayList.java:1540)
	at Context.registerClassDependencies(Context.java:61)
	at Context.lambda$registerClassDependencies$4(Context.java:63)
	at java.base/java.util.ArrayList.forEach(ArrayList.java:1540)
	at Context.registerClassDependencies(Context.java:61)
	at Context.lambda$registerClassDependencies$4(Context.java:63)
	at java.base/java.util.ArrayList.forEach(ArrayList.java:1540)
	at Context.registerClassDependencies(Context.java:61)
	at Context.lambda$registerClassDependencies$4(Context.java:63)
	at java.base/java.util.ArrayList.forEach(ArrayList.java:1540)
	at Context.registerClassDependencies(Context.java:61)
	at Context.lambda$registerClassDependencies$4(Context.java:63)
	at java.base/java.util.ArrayList.forEach(ArrayList.java:1540)
	at Context.registerClassDependencies(Context.java:61)
	at Context.lambda$registerClassDependencies$4(Context.java:63)
	at java.base/java.util.ArrayList.forEach(ArrayList.java:1540)
	at Context.registerClassDependencies(Context.java:61)
	at Context.lambda$registerClassDependencies$4(Context.java:63)
	at java.base/java.util.ArrayList.forEach(ArrayList.java:1540)
	at Context.registerClassDependencies(Context.java:61)
	at Context.lambda$registerClassDependencies$4(Context.java:63)
	at java.base/java.util.ArrayList.forEach(ArrayList.java:1540)
	at Context.registerClassDependencies(Context.java:61)
	at Context.lambda$registerClassDependencies$4(Context.java:63)
	at java.base/java.util.ArrayList.forEach(ArrayList.java:1540)
	at Context.registerClassDependencies(Context.java:61)
	at Context.lambda$registerClassDependencies$4(Context.java:63)
	at java.base/java.util.ArrayList.forEach(ArrayList.java:1540)
	at Context.registerClassDependencies(Context.java:61)
	at Context.lambda$registerClassDependencies$4(Context.java:63)
	at java.base/java.util.ArrayList.forEach(ArrayList.java:1540)
	at Context.registerClassDependencies(Context.java:61)
	at Context.lambda$registerClassDependencies$4(Context.java:63)
	at java.base/java.util.ArrayList.forEach(ArrayList.java:1540)
	at Context.registerClassDependencies(Context.java:61)
	at Context.lambda$registerClassDependencies$4(Context.java:63)
	at java.base/java.util.ArrayList.forEach(ArrayList.java:1540)
	at Context.registerClassDependencies(Context.java:61)
	at Context.lambda$registerClassDependencies$4(Context.java:63)
	at java.base/java.util.ArrayList.forEach(ArrayList.java:1540)
	at Context.registerClassDependencies(Context.java:61)
	at Context.lambda$registerClassDependencies$4(Context.java:63)
	at java.base/java.util.ArrayList.forEach(ArrayList.java:1540)
	at Context.registerClassDependencies(Context.java:61)
	at Context.lambda$registerClassDependencies$4(Context.java:63)
	at java.base/java.util.ArrayList.forEach(ArrayList.java:1540)
	at Context.registerClassDependencies(Context.java:61)
	at Context.lambda$registerClassDependencies$4(Context.java:63)
	at java.base/java.util.ArrayList.forEach(ArrayList.java:1540)
	at Context.registerClassDependencies(Context.java:61)
	at Context.lambda$registerClassDependencies$4(Context.java:63)
	at java.base/java.util.ArrayList.forEach(ArrayList.java:1540)
	at Context.registerClassDependencies(Context.java:61)
	at Context.lambda$registerClassDependencies$4(Context.java:63)
	at java.base/java.util.ArrayList.forEach(ArrayList.java:1540)
	at Context.registerClassDependencies(Context.java:61)
	at Context.lambda$registerClassDependencies$4(Context.java:63)
	at java.base/java.util.ArrayList.forEach(ArrayList.java:1540)
	at Context.registerClassDependencies(Context.java:61)
	at Context.lambda$registerClassDependencies$4(Context.java:63)
	at java.base/java.util.ArrayList.forEach(ArrayList.java:1540)
	at Context.registerClassDependencies(Context.java:61)
	at Context.lambda$registerClassDependencies$4(Context.java:63)
	at java.base/java.util.ArrayList.forEach(ArrayList.java:1540)
	at Context.registerClassDependencies(Context.java:61)
	at Context.lambda$registerClassDependencies$4(Context.java:63)
	at java.base/java.util.ArrayList.forEach(ArrayList.java:1540)
	at Context.registerClassDependencies(Context.java:61)
	at Context.lambda$registerClassDependencies$4(Context.java:63)
	at java.base/java.util.ArrayList.forEach(ArrayList.java:1540)
	at Context.registerClassDependencies(Context.java:61)
	at Context.lambda$registerClassDependencies$4(Context.java:63)
	at java.base/java.util.ArrayList.forEach(ArrayList.java:1540)
	at Context.registerClassDependencies(Context.java:61)
	at Context.lambda$registerClassDependencies$4(Context.java:63)
	at java.base/java.util.ArrayList.forEach(ArrayList.java:1540)
	at Context.registerClassDependencies(Context.java:61)
	at Context.lambda$registerClassDependencies$4(Context.java:63)
	at java.base/java.util.ArrayList.forEach(ArrayList.java:1540)
	at Context.registerClassDependencies(Context.java:61)
	at Context.lambda$registerClassDependencies$4(Context.java:63)
	at java.base/java.util.ArrayList.forEach(ArrayList.java:1540)
	at Context.registerClassDependencies(Context.java:61)
	at Context.lambda$registerClassDependencies$4(Context.java:63)
	at java.base/java.util.ArrayList.forEach(ArrayList.java:1540)
	at Context.registerClassDependencies(Context.java:61)
	at Context.lambda$registerClassDependencies$4(Context.java:63)
	at java.base/java.util.ArrayList.forEach(ArrayList.java:1540)
	at Context.registerClassDependencies(Context.java:61)
	at Context.lambda$registerClassDependencies$4(Context.java:63)
	at java.base/java.util.ArrayList.forEach(ArrayList.java:1540)
	at Context.registerClassDependencies(Context.java:61)
	at Context.lambda$registerClassDependencies$4(Context.java:63)
	at java.base/java.util.ArrayList.forEach(ArrayList.java:1540)
	at Context.registerClassDependencies(Context.java:61)
	at Context.lambda$registerClassDependencies$4(Context.java:63)
	at java.base/java.util.ArrayList.forEach(ArrayList.java:1540)
	at Context.registerClassDependencies(Context.java:61)
	at Context.lambda$registerClassDependencies$4(Context.java:63)
	at java.base/java.util.ArrayList.forEach(ArrayList.java:1540)
	at Context.registerClassDependencies(Context.java:61)
	at Context.lambda$registerClassDependencies$4(Context.java:63)
	at java.base/java.util.ArrayList.forEach(ArrayList.java:1540)
	at Context.registerClassDependencies(Context.java:61)
	at Context.lambda$registerClassDependencies$4(Context.java:63)
	at java.base/java.util.ArrayList.forEach(ArrayList.java:1540)
	at Context.registerClassDependencies(Context.java:61)
	at Context.lambda$registerClassDependencies$4(Context.java:63)
	at java.base/java.util.ArrayList.forEach(ArrayList.java:1540)
	at Context.registerClassDependencies(Context.java:61)
	at Context.lambda$registerClassDependencies$4(Context.java:63)
	at java.base/java.util.ArrayList.forEach(ArrayList.java:1540)
	at Context.registerClassDependencies(Context.java:61)
	at Context.lambda$registerClassDependencies$4(Context.java:63)
	at java.base/java.util.ArrayList.forEach(ArrayList.java:1540)
	at Context.registerClassDependencies(Context.java:61)
	at Context.lambda$registerClassDependencies$4(Context.java:63)
	at java.base/java.util.ArrayList.forEach(ArrayList.java:1540)
	at Context.registerClassDependencies(Context.java:61)
	at Context.lambda$registerClassDependencies$4(Context.java:63)
	at java.base/java.util.ArrayList.forEach(ArrayList.java:1540)
	at Context.registerClassDependencies(Context.java:61)
	at Context.lambda$registerClassDependencies$4(Context.java:63)
	at java.base/java.util.ArrayList.forEach(ArrayList.java:1540)
	at Context.registerClassDependencies(Context.java:61)
	at Context.lambda$registerClassDependencies$4(Context.java:63)
	at java.base/java.util.ArrayList.forEach(ArrayList.java:1540)
	at Context.registerClassDependencies(Context.java:61)
	at Context.lambda$registerClassDependencies$4(Context.java:63)
	at java.base/java.util.ArrayList.forEach(ArrayList.java:1540)
	at Context.registerClassDependencies(Context.java:61)
	at Context.lambda$registerClassDependencies$4(Context.java:63)
	at java.base/java.util.ArrayList.forEach(ArrayList.java:1540)
	at Context.registerClassDependencies(Context.java:61)
	at Context.lambda$registerClassDependencies$4(Context.java:63)
	at java.base/java.util.ArrayList.forEach(ArrayList.java:1540)
</failure>
  </testcase>
  <system-out><![CDATA[]]></system-out>
  <system-err><![CDATA[]]></system-err>
</testsuite>
